mode: set
github.com\ass2\ass2Shared.go:44.82,49.16 5 1
github.com\ass2\ass2Shared.go:53.2,55.19 3 1
github.com\ass2\ass2Shared.go:49.16,52.3 2 0
github.com\ass2\ass2Shared.go:58.40,60.16 2 1
github.com\ass2\ass2Shared.go:64.2,64.14 1 1
github.com\ass2\ass2Shared.go:60.16,63.3 2 0
github.com\ass2\ass2Shared.go:67.57,69.80 2 1
github.com\ass2\ass2Shared.go:80.2,80.12 1 1
github.com\ass2\ass2Shared.go:69.80,72.10 3 1
github.com\ass2\ass2Shared.go:76.3,76.21 1 1
github.com\ass2\ass2Shared.go:72.10,75.4 2 0
github.com\ass2\ass2Shared.go:77.3,79.3 1 0
github.com\ass2\ass2Shared.go:83.54,91.16 8 1
github.com\ass2\ass2Shared.go:95.2,96.16 2 1
github.com\ass2\ass2Shared.go:100.2,101.16 2 0
github.com\ass2\ass2Shared.go:105.2,105.68 1 0
github.com\ass2\ass2Shared.go:91.16,94.3 2 0
github.com\ass2\ass2Shared.go:96.16,99.3 2 1
github.com\ass2\ass2Shared.go:101.16,104.3 2 0
github.com\ass2\ass2Shared.go:108.52,110.72 2 1
github.com\ass2\ass2Shared.go:110.72,112.3 1 1
github.com\ass2\ass2Shared.go:112.3,114.3 1 0
github.com\ass2\ass2Shared.go:117.54,122.16 5 1
github.com\ass2\ass2Shared.go:126.2,130.20 5 1
github.com\ass2\ass2Shared.go:143.2,143.12 1 1
github.com\ass2\ass2Shared.go:122.16,125.3 2 0
github.com\ass2\ass2Shared.go:130.20,135.17 5 1
github.com\ass2\ass2Shared.go:139.3,139.31 1 1
github.com\ass2\ass2Shared.go:135.17,138.4 2 0
github.com\ass2\ass2Shared.go:139.31,141.4 1 1
github.com\ass2\ass2Shared.go:146.43,148.16 2 1
github.com\ass2\ass2Shared.go:152.2,152.13 1 1
github.com\ass2\ass2Shared.go:148.16,151.3 2 0
github.com\ass2\ass2Shared.go:155.40,157.16 2 0
github.com\ass2\ass2Shared.go:161.2,162.32 2 0
github.com\ass2\ass2Shared.go:157.16,160.3 2 0
github.com\ass2\ass2Shared.go:165.33,169.16 4 1
github.com\ass2\ass2Shared.go:202.2,202.27 1 0
github.com\ass2\ass2Shared.go:169.16,171.3 1 0
github.com\ass2\ass2Shared.go:171.3,175.17 4 1
github.com\ass2\ass2Shared.go:175.17,177.4 1 0
github.com\ass2\ass2Shared.go:177.4,179.18 2 1
github.com\ass2\ass2Shared.go:179.18,181.5 1 0
github.com\ass2\ass2Shared.go:181.5,182.19 1 1
github.com\ass2\ass2Shared.go:182.19,185.20 3 1
github.com\ass2\ass2Shared.go:185.20,187.7 1 0
github.com\ass2\ass2Shared.go:187.7,189.21 2 1
github.com\ass2\ass2Shared.go:192.7,193.29 2 1
github.com\ass2\ass2Shared.go:196.7,196.21 1 0
github.com\ass2\ass2Shared.go:189.21,191.8 1 0
github.com\ass2\ass2Shared.go:193.29,195.8 1 1
github.com\ass2\ass2Shared.go:205.69,206.33 1 1
github.com\ass2\ass2Shared.go:206.33,208.18 2 1
github.com\ass2\ass2Shared.go:208.18,211.18 3 1
github.com\ass2\ass2Shared.go:216.4,217.76 2 1
github.com\ass2\ass2Shared.go:222.4,223.34 2 1
github.com\ass2\ass2Shared.go:211.18,215.5 3 0
github.com\ass2\ass2Shared.go:217.76,221.5 3 0
github.com\ass2\ass2Shared.go:223.34,227.19 4 1
github.com\ass2\ass2Shared.go:232.5,235.19 4 1
github.com\ass2\ass2Shared.go:240.5,241.32 2 1
github.com\ass2\ass2Shared.go:227.19,231.6 3 0
github.com\ass2\ass2Shared.go:235.19,239.6 3 0
github.com\ass2\ass2Shared.go:242.5,245.5 2 0
github.com\ass2\ass2Shared.go:246.4,249.4 2 0
github.com\ass2\ass2Shared.go:250.3,254.3 3 0
github.com\ass2\ass2Shared.go:257.68,261.32 4 1
github.com\ass2\ass2Shared.go:261.32,262.33 1 1
github.com\ass2\ass2Shared.go:262.33,266.30 4 1
github.com\ass2\ass2Shared.go:266.30,268.19 2 1
github.com\ass2\ass2Shared.go:273.5,274.35 2 1
github.com\ass2\ass2Shared.go:268.19,272.6 3 0
github.com\ass2\ass2Shared.go:275.5,278.5 2 0
github.com\ass2\ass2Shared.go:280.3,280.42 1 1
github.com\ass2\ass2Shared.go:280.42,283.17 3 1
github.com\ass2\ass2Shared.go:288.3,288.34 1 1
github.com\ass2\ass2Shared.go:283.17,287.4 3 0
github.com\ass2\ass2Shared.go:289.3,293.3 3 0
github.com\ass2\ass2Shared.go:296.68,297.33 1 1
github.com\ass2\ass2Shared.go:297.33,300.18 3 1
github.com\ass2\ass2Shared.go:300.18,302.18 2 1
github.com\ass2\ass2Shared.go:307.4,310.34 4 1
github.com\ass2\ass2Shared.go:302.18,306.5 3 0
github.com\ass2\ass2Shared.go:310.34,316.19 5 1
github.com\ass2\ass2Shared.go:320.5,321.18 2 1
github.com\ass2\ass2Shared.go:331.5,331.63 1 1
github.com\ass2\ass2Shared.go:316.19,319.6 2 0
github.com\ass2\ass2Shared.go:321.18,323.20 2 1
github.com\ass2\ass2Shared.go:328.6,329.36 2 1
github.com\ass2\ass2Shared.go:323.20,327.7 3 0
github.com\ass2\ass2Shared.go:332.5,335.5 2 0
github.com\ass2\ass2Shared.go:337.3,341.3 3 0
github.com\ass2\ass2Shared.go:344.68,345.33 1 1
github.com\ass2\ass2Shared.go:345.33,348.18 3 1
github.com\ass2\ass2Shared.go:348.18,350.18 2 1
github.com\ass2\ass2Shared.go:355.4,357.34 3 1
github.com\ass2\ass2Shared.go:360.4,365.25 6 1
github.com\ass2\ass2Shared.go:369.4,369.17 1 1
github.com\ass2\ass2Shared.go:372.4,373.58 2 1
github.com\ass2\ass2Shared.go:350.18,354.5 3 0
github.com\ass2\ass2Shared.go:357.34,359.5 1 1
github.com\ass2\ass2Shared.go:365.25,368.5 2 1
github.com\ass2\ass2Shared.go:369.17,371.5 1 1
github.com\ass2\ass2Shared.go:375.3,379.3 3 0
github.com\ass2\ass2Shared.go:382.65,383.32 1 1
github.com\ass2\ass2Shared.go:383.32,385.17 2 1
github.com\ass2\ass2Shared.go:385.17,388.4 2 0
github.com\ass2\ass2Shared.go:389.3,393.3 3 0
